<?xml version="1.0" encoding="UTF-8"?>
<testsuite name="hk.ust.comp3021.actions.AddCommentActionTest" tests="3" skipped="0" failures="0" errors="0" timestamp="2023-03-12T09:16:12" hostname="DESKTOP-MMB9NP2" time="0.146">
  <properties/>
  <testcase name="testAddCommentAction_UserOwnershipOfCommentOfComment()" classname="hk.ust.comp3021.actions.AddCommentActionTest" time="0.06"/>
  <testcase name="testAddCommentAction_OwnershipOfCommentOfComment()" classname="hk.ust.comp3021.actions.AddCommentActionTest" time="0.043"/>
  <testcase name="testAddCommentAction_OwnershipOfCommentOfPaper()" classname="hk.ust.comp3021.actions.AddCommentActionTest" time="0.04"/>
  <system-out><![CDATA[]]></system-out>
  <system-err><![CDATA[]]></system-err>
</testsuite>
