<?xml version="1.0" encoding="UTF-8"?>
<testsuite name="hk.ust.comp3021.actions.AddLabelActionTest" tests="3" skipped="0" failures="0" errors="0" timestamp="2023-02-24T16:39:41" hostname="DESKTOP-MMB9NP2" time="0.073">
  <properties/>
  <testcase name="testAddLabelAction_LabelsInEngineOwnership()" classname="hk.ust.comp3021.actions.AddLabelActionTest" time="0.023"/>
  <testcase name="testAddLabelAction_PaperLabelOwnership()" classname="hk.ust.comp3021.actions.AddLabelActionTest" time="0.02"/>
  <testcase name="testAddLabelAction_ActionsSize()" classname="hk.ust.comp3021.actions.AddLabelActionTest" time="0.028"/>
  <system-out><![CDATA[]]></system-out>
  <system-err><![CDATA[]]></system-err>
</testsuite>
