<?xml version="1.0" encoding="UTF-8"?>
<testsuite name="hk.ust.comp3021.actions.UploadPaperActionTest" tests="3" skipped="0" failures="0" errors="0" timestamp="2023-03-12T09:16:13" hostname="DESKTOP-MMB9NP2" time="0.104">
  <properties/>
  <testcase name="testUploadPaperAction_CheckPaperBase()" classname="hk.ust.comp3021.actions.UploadPaperActionTest" time="0.031"/>
  <testcase name="testUploadPaperAction_CheckPaperSet()" classname="hk.ust.comp3021.actions.UploadPaperActionTest" time="0.037"/>
  <testcase name="testUploadPaperAction_IsSuccessCheck()" classname="hk.ust.comp3021.actions.UploadPaperActionTest" time="0.035"/>
  <system-out><![CDATA[]]></system-out>
  <system-err><![CDATA[]]></system-err>
</testsuite>
