<?xml version="1.0" encoding="UTF-8"?>
<testsuite name="hk.ust.comp3021.actions.AddLabelActionTest" tests="3" skipped="0" failures="0" errors="0" timestamp="2023-03-12T09:16:12" hostname="DESKTOP-MMB9NP2" time="0.118">
  <properties/>
  <testcase name="testAddLabelAction_LabelsInEngineOwnership()" classname="hk.ust.comp3021.actions.AddLabelActionTest" time="0.04"/>
  <testcase name="testAddLabelAction_PaperLabelOwnership()" classname="hk.ust.comp3021.actions.AddLabelActionTest" time="0.039"/>
  <testcase name="testAddLabelAction_ActionsSize()" classname="hk.ust.comp3021.actions.AddLabelActionTest" time="0.037"/>
  <system-out><![CDATA[]]></system-out>
  <system-err><![CDATA[]]></system-err>
</testsuite>
