<?xml version="1.0" encoding="UTF-8"?>
<testsuite name="hk.ust.comp3021.actions.AddCommentActionTest" tests="3" skipped="0" failures="0" errors="0" timestamp="2023-02-24T16:39:41" hostname="DESKTOP-MMB9NP2" time="0.086">
  <properties/>
  <testcase name="testAddCommentAction_UserOwnershipOfCommentOfComment()" classname="hk.ust.comp3021.actions.AddCommentActionTest" time="0.046"/>
  <testcase name="testAddCommentAction_OwnershipOfCommentOfComment()" classname="hk.ust.comp3021.actions.AddCommentActionTest" time="0.02"/>
  <testcase name="testAddCommentAction_OwnershipOfCommentOfPaper()" classname="hk.ust.comp3021.actions.AddCommentActionTest" time="0.019"/>
  <system-out><![CDATA[]]></system-out>
  <system-err><![CDATA[]]></system-err>
</testsuite>
