<?xml version="1.0" encoding="UTF-8"?>
<testsuite name="hk.ust.comp3021.actions.SearchPaperActionTest" tests="3" skipped="0" failures="0" errors="0" timestamp="2023-03-12T09:16:12" hostname="DESKTOP-MMB9NP2" time="0.079">
  <properties/>
  <testcase name="testSearchPaperAction_SearchByAuthor()" classname="hk.ust.comp3021.actions.SearchPaperActionTest" time="0.026"/>
  <testcase name="testSearchPaperAction_SearchByTitle()" classname="hk.ust.comp3021.actions.SearchPaperActionTest" time="0.027"/>
  <testcase name="testSearchPaperAction_SearchByJournal()" classname="hk.ust.comp3021.actions.SearchPaperActionTest" time="0.024"/>
  <system-out><![CDATA[]]></system-out>
  <system-err><![CDATA[]]></system-err>
</testsuite>
